2023-02-06 18:07:01,181 | INFO     | 0070 | Starting script timer.
2023-02-06 18:07:01,181 | INFO     | 0074 | ADP>AAD Sync process started!
2023-02-06 18:07:01,181 | INFO     | 0077 | Authenticating into MS Graph...
2023-02-06 18:07:01,631 | INFO     | 0084 | New access token acquired from Azure AD!
2023-02-06 18:07:02,054 | INFO     | 0115 | Paginating Microsoft Graph output...
2023-02-06 18:07:04,728 | INFO     | 0048 | Getting Snowflake JWT token... 
2023-02-06 18:07:05,116 | INFO     | 0052 | Token obtained!
2023-02-06 18:07:05,116 | INFO     | 0055 | Connecting to Snowflake... 
2023-02-06 18:07:06,033 | INFO     | 0070 | Snowflake cursor object created.
2023-02-06 18:07:07,200 | INFO     | 0316 | User ID: cedb06af-f242-4fb1-86c4-f78ef618d315
2023-02-06 18:07:07,201 | ERROR    | 0358 | syed.abbasi@talkiatry.com - error encountered changing user manager: can only concatenate str (not "NoneType") to str
2023-02-06 18:07:07,212 | INFO     | 0260 | syed.abbasi@talkiatry.com HTTP request sent to change core information ...
2023-02-06 18:07:07,316 | INFO     | 0287 | syed.abbasi@talkiatry.com core information update successful!
2023-02-06 18:07:07,316 | INFO     | 0294 | syed.abbasi@talkiatry.com core information updated in Azure AD!
2023-02-06 18:07:07,572 | INFO     | 0260 | brett.abernethy@talkiatry.com HTTP request sent to change core information ...
2023-02-06 18:07:07,574 | INFO     | 0316 | User ID: c608a02a-5f03-4ee5-9cf1-76af6d5ebd5b
2023-02-06 18:07:07,574 | ERROR    | 0358 | brett.abernethy@talkiatry.com - error encountered changing user manager: can only concatenate str (not "NoneType") to str
2023-02-06 18:07:07,647 | INFO     | 0287 | brett.abernethy@talkiatry.com core information update successful!
2023-02-06 18:07:07,647 | INFO     | 0294 | brett.abernethy@talkiatry.com core information updated in Azure AD!
2023-02-06 18:07:07,948 | INFO     | 0260 | zebib.abraham@talkiatry.com HTTP request sent to change core information ...
2023-02-06 18:07:08,041 | INFO     | 0287 | zebib.abraham@talkiatry.com core information update successful!
2023-02-06 18:07:08,041 | INFO     | 0294 | zebib.abraham@talkiatry.com core information updated in Azure AD!
2023-02-06 18:07:08,111 | INFO     | 0316 | User ID: dcba15e2-2cae-486f-84ab-9307f00e0ef5
2023-02-06 18:07:08,111 | ERROR    | 0358 | zebib.abraham@talkiatry.com - error encountered changing user manager: can only concatenate str (not "NoneType") to str
2023-02-06 18:07:08,496 | INFO     | 0316 | User ID: e7598b49-abdf-4c0c-af93-4a0b9d3b6eef
2023-02-06 18:07:08,496 | ERROR    | 0358 | vallene.abram@talkiatry.com - error encountered changing user manager: can only concatenate str (not "NoneType") to str
2023-02-06 18:07:08,694 | INFO     | 0260 | vallene.abram@talkiatry.com HTTP request sent to change core information ...
2023-02-06 18:07:08,771 | INFO     | 0287 | vallene.abram@talkiatry.com core information update successful!
2023-02-06 18:07:08,771 | INFO     | 0294 | vallene.abram@talkiatry.com core information updated in Azure AD!
2023-02-06 18:07:09,075 | INFO     | 0316 | User ID: 2b5e3882-67f2-480c-9514-7fd05f5c519b
2023-02-06 18:07:09,075 | ERROR    | 0358 | tiffany.abtahi@talkiatry.com - error encountered changing user manager: can only concatenate str (not "NoneType") to str
2023-02-06 18:07:09,095 | INFO     | 0260 | tiffany.abtahi@talkiatry.com HTTP request sent to change core information ...
2023-02-06 18:07:09,180 | INFO     | 0287 | tiffany.abtahi@talkiatry.com core information update successful!
2023-02-06 18:07:09,180 | INFO     | 0294 | tiffany.abtahi@talkiatry.com core information updated in Azure AD!
2023-02-06 18:07:09,447 | INFO     | 0260 | melissa.acevedo@talkiatry.com HTTP request sent to change core information ...
2023-02-06 18:07:09,452 | INFO     | 0316 | User ID: 17b29f08-6df3-4916-92e3-870132edb685
2023-02-06 18:07:09,452 | ERROR    | 0358 | melissa.acevedo@talkiatry.com - error encountered changing user manager: can only concatenate str (not "NoneType") to str
2023-02-06 18:07:09,532 | INFO     | 0287 | melissa.acevedo@talkiatry.com core information update successful!
2023-02-06 18:07:09,532 | INFO     | 0294 | melissa.acevedo@talkiatry.com core information updated in Azure AD!
2023-02-06 18:07:09,846 | INFO     | 0260 | jonathan.aciego@talkiatry.com HTTP request sent to change core information ...
2023-02-06 18:07:09,868 | INFO     | 0316 | User ID: 24ec49af-aabd-4647-ae88-40585ddfb2ea
2023-02-06 18:07:09,868 | ERROR    | 0358 | jonathan.aciego@talkiatry.com - error encountered changing user manager: can only concatenate str (not "NoneType") to str
2023-02-06 18:07:09,928 | INFO     | 0287 | jonathan.aciego@talkiatry.com core information update successful!
2023-02-06 18:07:09,928 | INFO     | 0294 | jonathan.aciego@talkiatry.com core information updated in Azure AD!
2023-02-06 18:07:10,703 | INFO     | 0260 | joseph.adams@talkiatry.com HTTP request sent to change core information ...
2023-02-06 18:07:10,704 | INFO     | 0316 | User ID: d40b2c17-0695-4945-bde5-50b91349b4db
2023-02-06 18:07:10,704 | ERROR    | 0358 | joseph.adams@talkiatry.com - error encountered changing user manager: can only concatenate str (not "NoneType") to str
2023-02-06 18:07:10,988 | INFO     | 0287 | joseph.adams@talkiatry.com core information update successful!
2023-02-06 18:07:10,988 | INFO     | 0294 | joseph.adams@talkiatry.com core information updated in Azure AD!
2023-02-06 18:07:11,045 | INFO     | 0316 | User ID: 15cbbf5b-108a-46c1-9b01-13a0772b696f
2023-02-06 18:07:11,046 | ERROR    | 0358 | briana.adams@talkiatry.com - error encountered changing user manager: can only concatenate str (not "NoneType") to str
2023-02-06 18:07:11,046 | INFO     | 0260 | briana.adams@talkiatry.com HTTP request sent to change core information ...
2023-02-06 18:07:11,070 | INFO     | 0248 | Running process group 1...
2023-02-06 18:07:11,072 | INFO     | 0250 | Running process <Process name='Process-1' pid=85394 parent=85371 stopped exitcode=0>..
2023-02-06 18:07:11,073 | INFO     | 0250 | Running process <Process name='Process-2' pid=85395 parent=85371 stopped exitcode=0>..
2023-02-06 18:07:11,073 | INFO     | 0250 | Running process <Process name='Process-3' pid=85396 parent=85371 stopped exitcode=0>..
2023-02-06 18:07:11,073 | INFO     | 0250 | Running process <Process name='Process-4' pid=85397 parent=85371 stopped exitcode=0>..
2023-02-06 18:07:11,073 | INFO     | 0250 | Running process <Process name='Process-5' pid=85398 parent=85371 stopped exitcode=0>..
2023-02-06 18:07:11,073 | INFO     | 0250 | Running process <Process name='Process-6' pid=85399 parent=85371 stopped exitcode=0>..
2023-02-06 18:07:11,073 | INFO     | 0250 | Running process <Process name='Process-7' pid=85401 parent=85371 stopped exitcode=0>..
2023-02-06 18:07:11,073 | INFO     | 0250 | Running process <Process name='Process-8' pid=85402 parent=85371 stopped exitcode=0>..
2023-02-06 18:07:11,073 | INFO     | 0250 | Running process <Process name='Process-9' pid=85403 parent=85371 stopped exitcode=0>..
2023-02-06 18:07:11,073 | INFO     | 0250 | Running process <Process name='Process-10' pid=85404 parent=85371 stopped exitcode=0>..
2023-02-06 18:07:11,074 | INFO     | 0250 | Running process <Process name='Process-11' pid=85406 parent=85371 stopped exitcode=0>..
2023-02-06 18:07:11,074 | INFO     | 0250 | Running process <Process name='Process-12' pid=85407 parent=85371 stopped exitcode=0>..
2023-02-06 18:07:11,074 | INFO     | 0250 | Running process <Process name='Process-13' pid=85408 parent=85371 stopped exitcode=0>..
2023-02-06 18:07:11,074 | INFO     | 0250 | Running process <Process name='Process-14' pid=85409 parent=85371 stopped exitcode=0>..
2023-02-06 18:07:11,074 | INFO     | 0250 | Running process <Process name='Process-15' pid=85411 parent=85371 stopped exitcode=0>..
2023-02-06 18:07:11,074 | INFO     | 0250 | Running process <Process name='Process-16' pid=85412 parent=85371 stopped exitcode=0>..
2023-02-06 18:07:11,074 | INFO     | 0250 | Running process <Process name='Process-17' pid=85413 parent=85371 started>..
2023-02-06 18:07:11,123 | INFO     | 0287 | briana.adams@talkiatry.com core information update successful!
2023-02-06 18:07:11,123 | INFO     | 0294 | briana.adams@talkiatry.com core information updated in Azure AD!
2023-02-06 18:07:11,130 | INFO     | 0250 | Running process <Process name='Process-18' pid=85414 parent=85371 stopped exitcode=0>..
2023-02-06 18:07:11,131 | INFO     | 0250 | Running process <Process name='Process-19' pid=85416 parent=85371 started>..
2023-02-06 18:07:11,397 | INFO     | 0260 | edward.adams@talkiatry.com HTTP request sent to change core information ...
2023-02-06 18:07:11,405 | INFO     | 0316 | User ID: 93bc40f6-839e-4f82-8ab1-e2554f573957
2023-02-06 18:07:11,405 | ERROR    | 0358 | edward.adams@talkiatry.com - error encountered changing user manager: can only concatenate str (not "NoneType") to str
2023-02-06 18:07:11,486 | INFO     | 0287 | edward.adams@talkiatry.com core information update successful!
2023-02-06 18:07:11,486 | INFO     | 0294 | edward.adams@talkiatry.com core information updated in Azure AD!
2023-02-06 18:07:11,493 | INFO     | 0250 | Running process <Process name='Process-20' pid=85417 parent=85371 stopped exitcode=0>..
2023-02-06 18:07:12,152 | INFO     | 0316 | User ID: de103f31-9239-4fa3-9f3a-cb2e7cf57f54
2023-02-06 18:07:12,153 | ERROR    | 0358 | gaurav.agarwal@talkiatry.com - error encountered changing user manager: can only concatenate str (not "NoneType") to str
2023-02-06 18:07:12,159 | INFO     | 0260 | gaurav.agarwal@talkiatry.com HTTP request sent to change core information ...
2023-02-06 18:07:12,236 | INFO     | 0287 | gaurav.agarwal@talkiatry.com core information update successful!
2023-02-06 18:07:12,236 | INFO     | 0294 | gaurav.agarwal@talkiatry.com core information updated in Azure AD!
2023-02-06 18:07:12,512 | INFO     | 0260 | caitlin.aguiar@talkiatry.com HTTP request sent to change core information ...
2023-02-06 18:07:12,540 | INFO     | 0316 | User ID: 70608103-71a8-493d-85dc-666356cfc166
2023-02-06 18:07:12,540 | ERROR    | 0358 | caitlin.aguiar@talkiatry.com - error encountered changing user manager: can only concatenate str (not "NoneType") to str
2023-02-06 18:07:12,595 | INFO     | 0287 | caitlin.aguiar@talkiatry.com core information update successful!
2023-02-06 18:07:12,595 | INFO     | 0294 | caitlin.aguiar@talkiatry.com core information updated in Azure AD!
2023-02-06 18:07:12,878 | INFO     | 0316 | User ID: a8509589-a3ec-4a97-aa1c-084f07137eb2
2023-02-06 18:07:12,879 | ERROR    | 0358 | jessenia.aguirre@talkiatry.com - error encountered changing user manager: can only concatenate str (not "NoneType") to str
2023-02-06 18:07:13,242 | INFO     | 0316 | User ID: efe798f7-b280-4382-a443-6640947faae0
2023-02-06 18:07:13,242 | ERROR    | 0358 | ruby.ahn@talkiatry.com - error encountered changing user manager: can only concatenate str (not "NoneType") to str
2023-02-06 18:07:13,244 | INFO     | 0260 | jessenia.aguirre@talkiatry.com HTTP request sent to change core information ...
2023-02-06 18:07:13,340 | INFO     | 0287 | jessenia.aguirre@talkiatry.com core information update successful!
2023-02-06 18:07:13,340 | INFO     | 0294 | jessenia.aguirre@talkiatry.com core information updated in Azure AD!
2023-02-06 18:07:13,612 | INFO     | 0260 | ruby.ahn@talkiatry.com HTTP request sent to change core information ...
2023-02-06 18:07:13,614 | INFO     | 0316 | User ID: 9c6b8995-c704-44c8-ba87-ed75943ef5ed
2023-02-06 18:07:13,615 | ERROR    | 0358 | oluwakemi.aje@talkiatry.com - error encountered changing user manager: can only concatenate str (not "NoneType") to str
2023-02-06 18:07:13,645 | INFO     | 0260 | oluwakemi.aje@talkiatry.com HTTP request sent to change core information ...
2023-02-06 18:07:13,721 | INFO     | 0287 | oluwakemi.aje@talkiatry.com core information update successful!
2023-02-06 18:07:13,721 | INFO     | 0294 | oluwakemi.aje@talkiatry.com core information updated in Azure AD!
2023-02-06 18:07:13,863 | INFO     | 0287 | ruby.ahn@talkiatry.com core information update successful!
2023-02-06 18:07:13,864 | INFO     | 0294 | ruby.ahn@talkiatry.com core information updated in Azure AD!
2023-02-06 18:07:14,004 | INFO     | 0260 | eliana.albornoz@talkiatry.com HTTP request sent to change core information ...
2023-02-06 18:07:14,020 | INFO     | 0316 | User ID: 1ec6df50-1fcc-44af-96d1-71f8ad6bd8ac
2023-02-06 18:07:14,021 | ERROR    | 0358 | eliana.albornoz@talkiatry.com - error encountered changing user manager: can only concatenate str (not "NoneType") to str
2023-02-06 18:07:14,091 | INFO     | 0287 | eliana.albornoz@talkiatry.com core information update successful!
2023-02-06 18:07:14,091 | INFO     | 0294 | eliana.albornoz@talkiatry.com core information updated in Azure AD!
2023-02-06 18:07:14,800 | INFO     | 0260 | ryan.albright@talkiatry.com HTTP request sent to change core information ...
2023-02-06 18:07:14,879 | INFO     | 0287 | ryan.albright@talkiatry.com core information update successful!
2023-02-06 18:07:14,879 | INFO     | 0294 | ryan.albright@talkiatry.com core information updated in Azure AD!
2023-02-06 18:07:15,142 | INFO     | 0316 | User ID: 8807971b-a839-454c-a4af-c33ac386433c
2023-02-06 18:07:15,142 | ERROR    | 0358 | ryan.albright@talkiatry.com - error encountered changing user manager: can only concatenate str (not "NoneType") to str
2023-02-06 18:07:15,165 | INFO     | 0260 | jennifer.alcaraz@talkiatry.com HTTP request sent to change core information ...
2023-02-06 18:07:15,175 | INFO     | 0316 | User ID: b5ede2b7-baab-4673-a074-277bbf9847c3
2023-02-06 18:07:15,176 | ERROR    | 0358 | jennifer.alcaraz@talkiatry.com - error encountered changing user manager: can only concatenate str (not "NoneType") to str
2023-02-06 18:07:15,252 | INFO     | 0259 | Running process <Process name='Process-21' pid=85418 parent=85371 stopped exitcode=0>..
2023-02-06 18:07:15,253 | INFO     | 0259 | Running process <Process name='Process-22' pid=85419 parent=85371 stopped exitcode=0>..
2023-02-06 18:07:15,253 | INFO     | 0259 | Running process <Process name='Process-23' pid=85421 parent=85371 stopped exitcode=0>..
2023-02-06 18:07:15,253 | INFO     | 0259 | Running process <Process name='Process-24' pid=85422 parent=85371 stopped exitcode=0>..
2023-02-06 18:07:15,253 | INFO     | 0259 | Running process <Process name='Process-25' pid=85423 parent=85371 stopped exitcode=0>..
2023-02-06 18:07:15,253 | INFO     | 0259 | Running process <Process name='Process-26' pid=85424 parent=85371 stopped exitcode=0>..
2023-02-06 18:07:15,253 | INFO     | 0259 | Running process <Process name='Process-27' pid=85426 parent=85371 stopped exitcode=0>..
2023-02-06 18:07:15,254 | INFO     | 0259 | Running process <Process name='Process-28' pid=85427 parent=85371 stopped exitcode=0>..
2023-02-06 18:07:15,254 | INFO     | 0259 | Running process <Process name='Process-29' pid=85435 parent=85371 stopped exitcode=0>..
2023-02-06 18:07:15,254 | INFO     | 0259 | Running process <Process name='Process-30' pid=85436 parent=85371 stopped exitcode=0>..
2023-02-06 18:07:15,254 | INFO     | 0259 | Running process <Process name='Process-31' pid=85437 parent=85371 stopped exitcode=0>..
2023-02-06 18:07:15,254 | INFO     | 0259 | Running process <Process name='Process-32' pid=85438 parent=85371 stopped exitcode=0>..
2023-02-06 18:07:15,254 | INFO     | 0259 | Running process <Process name='Process-33' pid=85441 parent=85371 stopped exitcode=0>..
2023-02-06 18:07:15,254 | INFO     | 0259 | Running process <Process name='Process-34' pid=85442 parent=85371 stopped exitcode=0>..
2023-02-06 18:07:15,254 | INFO     | 0259 | Running process <Process name='Process-35' pid=85443 parent=85371 started>..
2023-02-06 18:07:15,350 | INFO     | 0287 | jennifer.alcaraz@talkiatry.com core information update successful!
2023-02-06 18:07:15,350 | INFO     | 0294 | jennifer.alcaraz@talkiatry.com core information updated in Azure AD!
2023-02-06 18:07:15,360 | INFO     | 0259 | Running process <Process name='Process-36' pid=85444 parent=85371 stopped exitcode=0>..
2023-02-06 18:07:15,360 | INFO     | 0259 | Running process <Process name='Process-37' pid=85446 parent=85371 started>..
2023-02-06 18:07:15,566 | INFO     | 0260 | gregory.alexander@talkiatry.com HTTP request sent to change core information ...
2023-02-06 18:07:15,667 | INFO     | 0316 | User ID: c5a05cfb-8ef8-43ae-a263-9b55d1f2bbbf
2023-02-06 18:07:15,668 | ERROR    | 0358 | gregory.alexander@talkiatry.com - error encountered changing user manager: can only concatenate str (not "NoneType") to str
2023-02-06 18:07:15,682 | INFO     | 0287 | gregory.alexander@talkiatry.com core information update successful!
2023-02-06 18:07:15,682 | INFO     | 0294 | gregory.alexander@talkiatry.com core information updated in Azure AD!
2023-02-06 18:07:15,688 | INFO     | 0259 | Running process <Process name='Process-38' pid=85447 parent=85371 stopped exitcode=0>..
2023-02-06 18:07:15,689 | INFO     | 0262 | Snowflake session closed.
2023-02-06 18:07:15,689 | INFO     | 0263 | ADP>AAD Sync Closed.
2023-02-06 18:07:15,689 | INFO     | 0088 | Execution time in seconds: 14.508090019226074
