2023-02-06 17:39:30,384 | INFO     | 0070 | Starting script timer.
2023-02-06 17:39:30,384 | INFO     | 0074 | ADP>AAD Sync process started!
2023-02-06 17:39:30,384 | INFO     | 0077 | Authenticating into MS Graph...
2023-02-06 17:39:30,795 | INFO     | 0084 | New access token acquired from Azure AD!
2023-02-06 17:39:31,105 | INFO     | 0115 | Paginating Microsoft Graph output...
2023-02-06 17:39:33,593 | INFO     | 0048 | Getting Snowflake JWT token... 
2023-02-06 17:39:34,077 | INFO     | 0052 | Token obtained!
2023-02-06 17:39:34,077 | INFO     | 0055 | Connecting to Snowflake... 
2023-02-06 17:39:34,788 | INFO     | 0070 | Snowflake cursor object created.
2023-02-06 17:39:35,667 | INFO     | 0313 | cedb06af-f242-4fb1-86c4-f78ef618d315
2023-02-06 17:39:35,667 | ERROR    | 0354 | syed.abbasi@talkiatry.com - error encountered changing user manager: can only concatenate str (not "NoneType") to str
2023-02-06 17:39:36,121 | INFO     | 0260 | syed.abbasi@talkiatry.com HTTP request sent to change core information ...
2023-02-06 17:39:36,430 | INFO     | 0287 | syed.abbasi@talkiatry.com core information update successful!
2023-02-06 17:39:36,430 | INFO     | 0294 | syed.abbasi@talkiatry.com core information updated in Azure AD!
2023-02-06 17:39:36,822 | INFO     | 0313 | c608a02a-5f03-4ee5-9cf1-76af6d5ebd5b
2023-02-06 17:39:36,823 | ERROR    | 0354 | brett.abernethy@talkiatry.com - error encountered changing user manager: can only concatenate str (not "NoneType") to str
2023-02-06 17:39:36,836 | INFO     | 0260 | brett.abernethy@talkiatry.com HTTP request sent to change core information ...
2023-02-06 17:39:37,094 | INFO     | 0287 | brett.abernethy@talkiatry.com core information update successful!
2023-02-06 17:39:37,095 | INFO     | 0294 | brett.abernethy@talkiatry.com core information updated in Azure AD!
2023-02-06 17:39:37,239 | INFO     | 0260 | zebib.abraham@talkiatry.com HTTP request sent to change core information ...
2023-02-06 17:39:37,267 | INFO     | 0313 | dcba15e2-2cae-486f-84ab-9307f00e0ef5
2023-02-06 17:39:37,268 | ERROR    | 0354 | zebib.abraham@talkiatry.com - error encountered changing user manager: can only concatenate str (not "NoneType") to str
2023-02-06 17:39:37,497 | INFO     | 0287 | zebib.abraham@talkiatry.com core information update successful!
2023-02-06 17:39:37,498 | INFO     | 0294 | zebib.abraham@talkiatry.com core information updated in Azure AD!
2023-02-06 17:39:38,067 | INFO     | 0260 | vallene.abram@talkiatry.com HTTP request sent to change core information ...
2023-02-06 17:39:38,068 | INFO     | 0313 | e7598b49-abdf-4c0c-af93-4a0b9d3b6eef
2023-02-06 17:39:38,068 | ERROR    | 0354 | vallene.abram@talkiatry.com - error encountered changing user manager: can only concatenate str (not "NoneType") to str
2023-02-06 17:39:38,305 | INFO     | 0260 | tiffany.abtahi@talkiatry.com HTTP request sent to change core information ...
2023-02-06 17:39:38,327 | INFO     | 0287 | vallene.abram@talkiatry.com core information update successful!
2023-02-06 17:39:38,327 | INFO     | 0294 | vallene.abram@talkiatry.com core information updated in Azure AD!
2023-02-06 17:39:38,384 | INFO     | 0287 | tiffany.abtahi@talkiatry.com core information update successful!
2023-02-06 17:39:38,384 | INFO     | 0294 | tiffany.abtahi@talkiatry.com core information updated in Azure AD!
2023-02-06 17:39:38,651 | INFO     | 0313 | 2b5e3882-67f2-480c-9514-7fd05f5c519b
2023-02-06 17:39:38,652 | ERROR    | 0354 | tiffany.abtahi@talkiatry.com - error encountered changing user manager: can only concatenate str (not "NoneType") to str
2023-02-06 17:39:39,001 | INFO     | 0313 | 17b29f08-6df3-4916-92e3-870132edb685
2023-02-06 17:39:39,001 | ERROR    | 0354 | melissa.acevedo@talkiatry.com - error encountered changing user manager: can only concatenate str (not "NoneType") to str
2023-02-06 17:39:39,026 | INFO     | 0260 | melissa.acevedo@talkiatry.com HTTP request sent to change core information ...
2023-02-06 17:39:39,106 | INFO     | 0287 | melissa.acevedo@talkiatry.com core information update successful!
2023-02-06 17:39:39,106 | INFO     | 0294 | melissa.acevedo@talkiatry.com core information updated in Azure AD!
2023-02-06 17:39:40,159 | INFO     | 0260 | jonathan.aciego@talkiatry.com HTTP request sent to change core information ...
2023-02-06 17:39:40,270 | INFO     | 0313 | 24ec49af-aabd-4647-ae88-40585ddfb2ea
2023-02-06 17:39:40,271 | ERROR    | 0354 | jonathan.aciego@talkiatry.com - error encountered changing user manager: can only concatenate str (not "NoneType") to str
2023-02-06 17:39:40,350 | INFO     | 0260 | joseph.adams@talkiatry.com HTTP request sent to change core information ...
2023-02-06 17:39:40,352 | INFO     | 0313 | d40b2c17-0695-4945-bde5-50b91349b4db
2023-02-06 17:39:40,352 | ERROR    | 0354 | joseph.adams@talkiatry.com - error encountered changing user manager: can only concatenate str (not "NoneType") to str
2023-02-06 17:39:40,420 | INFO     | 0287 | jonathan.aciego@talkiatry.com core information update successful!
2023-02-06 17:39:40,420 | INFO     | 0294 | jonathan.aciego@talkiatry.com core information updated in Azure AD!
2023-02-06 17:39:40,426 | INFO     | 0287 | joseph.adams@talkiatry.com core information update successful!
2023-02-06 17:39:40,427 | INFO     | 0294 | joseph.adams@talkiatry.com core information updated in Azure AD!
2023-02-06 17:39:40,714 | INFO     | 0313 | 15cbbf5b-108a-46c1-9b01-13a0772b696f
2023-02-06 17:39:40,715 | ERROR    | 0354 | briana.adams@talkiatry.com - error encountered changing user manager: can only concatenate str (not "NoneType") to str
2023-02-06 17:39:40,737 | INFO     | 0248 | Running process group 1...
2023-02-06 17:39:40,739 | INFO     | 0250 | Running process <Process name='Process-1' pid=83564 parent=83542 stopped exitcode=0>..
2023-02-06 17:39:40,739 | INFO     | 0250 | Running process <Process name='Process-2' pid=83565 parent=83542 stopped exitcode=0>..
2023-02-06 17:39:40,740 | INFO     | 0250 | Running process <Process name='Process-3' pid=83567 parent=83542 stopped exitcode=0>..
2023-02-06 17:39:40,740 | INFO     | 0250 | Running process <Process name='Process-4' pid=83568 parent=83542 stopped exitcode=0>..
2023-02-06 17:39:40,740 | INFO     | 0250 | Running process <Process name='Process-5' pid=83569 parent=83542 stopped exitcode=0>..
2023-02-06 17:39:40,740 | INFO     | 0250 | Running process <Process name='Process-6' pid=83570 parent=83542 stopped exitcode=0>..
2023-02-06 17:39:40,740 | INFO     | 0250 | Running process <Process name='Process-7' pid=83572 parent=83542 stopped exitcode=0>..
2023-02-06 17:39:40,740 | INFO     | 0250 | Running process <Process name='Process-8' pid=83573 parent=83542 stopped exitcode=0>..
2023-02-06 17:39:40,740 | INFO     | 0250 | Running process <Process name='Process-9' pid=83575 parent=83542 stopped exitcode=0>..
2023-02-06 17:39:40,740 | INFO     | 0250 | Running process <Process name='Process-10' pid=83576 parent=83542 stopped exitcode=0>..
2023-02-06 17:39:40,740 | INFO     | 0250 | Running process <Process name='Process-11' pid=83577 parent=83542 stopped exitcode=0>..
2023-02-06 17:39:40,741 | INFO     | 0250 | Running process <Process name='Process-12' pid=83579 parent=83542 stopped exitcode=0>..
2023-02-06 17:39:40,741 | INFO     | 0250 | Running process <Process name='Process-13' pid=83580 parent=83542 stopped exitcode=0>..
2023-02-06 17:39:40,741 | INFO     | 0250 | Running process <Process name='Process-14' pid=83581 parent=83542 stopped exitcode=0>..
2023-02-06 17:39:40,741 | INFO     | 0250 | Running process <Process name='Process-15' pid=83585 parent=83542 stopped exitcode=0>..
2023-02-06 17:39:40,741 | INFO     | 0250 | Running process <Process name='Process-16' pid=83586 parent=83542 stopped exitcode=0>..
2023-02-06 17:39:40,741 | INFO     | 0250 | Running process <Process name='Process-17' pid=83587 parent=83542 started>..
2023-02-06 17:39:41,065 | INFO     | 0260 | briana.adams@talkiatry.com HTTP request sent to change core information ...
2023-02-06 17:39:41,258 | INFO     | 0313 | 93bc40f6-839e-4f82-8ab1-e2554f573957
2023-02-06 17:39:41,259 | ERROR    | 0354 | edward.adams@talkiatry.com - error encountered changing user manager: can only concatenate str (not "NoneType") to str
2023-02-06 17:39:41,317 | INFO     | 0287 | briana.adams@talkiatry.com core information update successful!
2023-02-06 17:39:41,317 | INFO     | 0294 | briana.adams@talkiatry.com core information updated in Azure AD!
2023-02-06 17:39:41,324 | INFO     | 0250 | Running process <Process name='Process-18' pid=83588 parent=83542 stopped exitcode=0>..
2023-02-06 17:39:41,324 | INFO     | 0250 | Running process <Process name='Process-19' pid=83590 parent=83542 started>..
2023-02-06 17:39:41,439 | INFO     | 0260 | edward.adams@talkiatry.com HTTP request sent to change core information ...
2023-02-06 17:39:41,701 | INFO     | 0287 | edward.adams@talkiatry.com core information update successful!
2023-02-06 17:39:41,701 | INFO     | 0294 | edward.adams@talkiatry.com core information updated in Azure AD!
2023-02-06 17:39:41,708 | INFO     | 0250 | Running process <Process name='Process-20' pid=83591 parent=83542 stopped exitcode=0>..
2023-02-06 17:39:42,496 | INFO     | 0313 | de103f31-9239-4fa3-9f3a-cb2e7cf57f54
2023-02-06 17:39:42,496 | ERROR    | 0354 | gaurav.agarwal@talkiatry.com - error encountered changing user manager: can only concatenate str (not "NoneType") to str
2023-02-06 17:39:42,859 | INFO     | 0260 | gaurav.agarwal@talkiatry.com HTTP request sent to change core information ...
2023-02-06 17:39:43,211 | INFO     | 0260 | caitlin.aguiar@talkiatry.com HTTP request sent to change core information ...
2023-02-06 17:39:43,218 | INFO     | 0313 | a8509589-a3ec-4a97-aa1c-084f07137eb2
2023-02-06 17:39:43,218 | ERROR    | 0354 | jessenia.aguirre@talkiatry.com - error encountered changing user manager: can only concatenate str (not "NoneType") to str
2023-02-06 17:39:43,234 | INFO     | 0287 | gaurav.agarwal@talkiatry.com core information update successful!
2023-02-06 17:39:43,234 | INFO     | 0294 | gaurav.agarwal@talkiatry.com core information updated in Azure AD!
2023-02-06 17:39:43,329 | INFO     | 0313 | 70608103-71a8-493d-85dc-666356cfc166
2023-02-06 17:39:43,330 | ERROR    | 0354 | caitlin.aguiar@talkiatry.com - error encountered changing user manager: can only concatenate str (not "NoneType") to str
2023-02-06 17:39:43,492 | INFO     | 0287 | caitlin.aguiar@talkiatry.com core information update successful!
2023-02-06 17:39:43,492 | INFO     | 0294 | caitlin.aguiar@talkiatry.com core information updated in Azure AD!
2023-02-06 17:39:43,570 | INFO     | 0260 | jessenia.aguirre@talkiatry.com HTTP request sent to change core information ...
2023-02-06 17:39:43,874 | INFO     | 0287 | jessenia.aguirre@talkiatry.com core information update successful!
2023-02-06 17:39:43,874 | INFO     | 0294 | jessenia.aguirre@talkiatry.com core information updated in Azure AD!
2023-02-06 17:39:44,108 | INFO     | 0260 | ruby.ahn@talkiatry.com HTTP request sent to change core information ...
2023-02-06 17:39:44,192 | INFO     | 0287 | ruby.ahn@talkiatry.com core information update successful!
2023-02-06 17:39:44,192 | INFO     | 0294 | ruby.ahn@talkiatry.com core information updated in Azure AD!
2023-02-06 17:39:44,414 | INFO     | 0313 | efe798f7-b280-4382-a443-6640947faae0
2023-02-06 17:39:44,414 | ERROR    | 0354 | ruby.ahn@talkiatry.com - error encountered changing user manager: can only concatenate str (not "NoneType") to str
2023-02-06 17:39:44,748 | INFO     | 0313 | 9c6b8995-c704-44c8-ba87-ed75943ef5ed
2023-02-06 17:39:44,749 | ERROR    | 0354 | oluwakemi.aje@talkiatry.com - error encountered changing user manager: can only concatenate str (not "NoneType") to str
2023-02-06 17:39:44,783 | INFO     | 0260 | oluwakemi.aje@talkiatry.com HTTP request sent to change core information ...
2023-02-06 17:39:44,861 | INFO     | 0287 | oluwakemi.aje@talkiatry.com core information update successful!
2023-02-06 17:39:44,861 | INFO     | 0294 | oluwakemi.aje@talkiatry.com core information updated in Azure AD!
2023-02-06 17:39:45,135 | INFO     | 0260 | eliana.albornoz@talkiatry.com HTTP request sent to change core information ...
2023-02-06 17:39:45,211 | INFO     | 0287 | eliana.albornoz@talkiatry.com core information update successful!
2023-02-06 17:39:45,211 | INFO     | 0294 | eliana.albornoz@talkiatry.com core information updated in Azure AD!
2023-02-06 17:39:45,462 | INFO     | 0313 | 1ec6df50-1fcc-44af-96d1-71f8ad6bd8ac
2023-02-06 17:39:45,462 | ERROR    | 0354 | eliana.albornoz@talkiatry.com - error encountered changing user manager: can only concatenate str (not "NoneType") to str
2023-02-06 17:39:45,477 | INFO     | 0260 | ryan.albright@talkiatry.com HTTP request sent to change core information ...
2023-02-06 17:39:45,486 | INFO     | 0313 | 8807971b-a839-454c-a4af-c33ac386433c
2023-02-06 17:39:45,486 | ERROR    | 0354 | ryan.albright@talkiatry.com - error encountered changing user manager: can only concatenate str (not "NoneType") to str
2023-02-06 17:39:45,569 | INFO     | 0287 | ryan.albright@talkiatry.com core information update successful!
2023-02-06 17:39:45,569 | INFO     | 0294 | ryan.albright@talkiatry.com core information updated in Azure AD!
2023-02-06 17:39:45,838 | INFO     | 0313 | b5ede2b7-baab-4673-a074-277bbf9847c3
2023-02-06 17:39:45,838 | ERROR    | 0354 | jennifer.alcaraz@talkiatry.com - error encountered changing user manager: can only concatenate str (not "NoneType") to str
2023-02-06 17:39:45,854 | INFO     | 0260 | jennifer.alcaraz@talkiatry.com HTTP request sent to change core information ...
2023-02-06 17:39:45,930 | INFO     | 0287 | jennifer.alcaraz@talkiatry.com core information update successful!
2023-02-06 17:39:45,931 | INFO     | 0294 | jennifer.alcaraz@talkiatry.com core information updated in Azure AD!
2023-02-06 17:39:46,422 | INFO     | 0259 | Running process <Process name='Process-21' pid=83595 parent=83542 stopped exitcode=0>..
2023-02-06 17:39:46,423 | INFO     | 0259 | Running process <Process name='Process-22' pid=83596 parent=83542 stopped exitcode=0>..
2023-02-06 17:39:46,423 | INFO     | 0259 | Running process <Process name='Process-23' pid=83597 parent=83542 stopped exitcode=0>..
2023-02-06 17:39:46,423 | INFO     | 0259 | Running process <Process name='Process-24' pid=83598 parent=83542 stopped exitcode=0>..
2023-02-06 17:39:46,423 | INFO     | 0259 | Running process <Process name='Process-25' pid=83600 parent=83542 stopped exitcode=0>..
2023-02-06 17:39:46,423 | INFO     | 0259 | Running process <Process name='Process-26' pid=83601 parent=83542 stopped exitcode=0>..
2023-02-06 17:39:46,423 | INFO     | 0259 | Running process <Process name='Process-27' pid=83602 parent=83542 stopped exitcode=0>..
2023-02-06 17:39:46,424 | INFO     | 0259 | Running process <Process name='Process-28' pid=83603 parent=83542 stopped exitcode=0>..
2023-02-06 17:39:46,424 | INFO     | 0259 | Running process <Process name='Process-29' pid=83607 parent=83542 stopped exitcode=0>..
2023-02-06 17:39:46,424 | INFO     | 0259 | Running process <Process name='Process-30' pid=83608 parent=83542 stopped exitcode=0>..
2023-02-06 17:39:46,424 | INFO     | 0259 | Running process <Process name='Process-31' pid=83610 parent=83542 stopped exitcode=0>..
2023-02-06 17:39:46,424 | INFO     | 0259 | Running process <Process name='Process-32' pid=83611 parent=83542 stopped exitcode=0>..
2023-02-06 17:39:46,424 | INFO     | 0259 | Running process <Process name='Process-33' pid=83612 parent=83542 stopped exitcode=0>..
2023-02-06 17:39:46,424 | INFO     | 0259 | Running process <Process name='Process-34' pid=83613 parent=83542 stopped exitcode=0>..
2023-02-06 17:39:46,424 | INFO     | 0259 | Running process <Process name='Process-35' pid=83614 parent=83542 stopped exitcode=0>..
2023-02-06 17:39:46,424 | INFO     | 0259 | Running process <Process name='Process-36' pid=83615 parent=83542 stopped exitcode=0>..
2023-02-06 17:39:46,424 | INFO     | 0259 | Running process <Process name='Process-37' pid=83617 parent=83542 started>..
2023-02-06 17:39:46,938 | INFO     | 0260 | gregory.alexander@talkiatry.com HTTP request sent to change core information ...
2023-02-06 17:39:47,021 | INFO     | 0287 | gregory.alexander@talkiatry.com core information update successful!
2023-02-06 17:39:47,021 | INFO     | 0294 | gregory.alexander@talkiatry.com core information updated in Azure AD!
2023-02-06 17:39:47,028 | INFO     | 0259 | Running process <Process name='Process-38' pid=83618 parent=83542 started>..
2023-02-06 17:39:47,384 | INFO     | 0313 | c5a05cfb-8ef8-43ae-a263-9b55d1f2bbbf
2023-02-06 17:39:47,384 | ERROR    | 0354 | gregory.alexander@talkiatry.com - error encountered changing user manager: can only concatenate str (not "NoneType") to str
2023-02-06 17:39:47,392 | INFO     | 0262 | Snowflake session closed.
2023-02-06 17:39:47,393 | INFO     | 0263 | ADP>AAD Sync Closed.
2023-02-06 17:39:47,393 | INFO     | 0088 | Execution time in seconds: 17.008604049682617
