2023-02-06 17:37:20,672 | INFO     | 0070 | Starting script timer.
2023-02-06 17:37:20,673 | INFO     | 0074 | ADP>AAD Sync process started!
2023-02-06 17:37:20,673 | INFO     | 0077 | Authenticating into MS Graph...
2023-02-06 17:37:21,258 | INFO     | 0084 | New access token acquired from Azure AD!
2023-02-06 17:37:21,784 | INFO     | 0115 | Paginating Microsoft Graph output...
2023-02-06 17:37:24,665 | INFO     | 0048 | Getting Snowflake JWT token... 
2023-02-06 17:37:25,058 | INFO     | 0052 | Token obtained!
2023-02-06 17:37:25,058 | INFO     | 0055 | Connecting to Snowflake... 
2023-02-06 17:37:25,770 | INFO     | 0070 | Snowflake cursor object created.
2023-02-06 17:37:26,636 | INFO     | 0260 | syed.abbasi@talkiatry.com HTTP request sent to change core information ...
2023-02-06 17:37:26,714 | INFO     | 0287 | syed.abbasi@talkiatry.com core information update successful!
2023-02-06 17:37:26,714 | INFO     | 0294 | syed.abbasi@talkiatry.com core information updated in Azure AD!
2023-02-06 17:37:26,955 | ERROR    | 0354 | brett.abernethy@talkiatry.com - error encountered changing user manager: can only concatenate str (not "NoneType") to str
2023-02-06 17:37:26,956 | INFO     | 0260 | brett.abernethy@talkiatry.com HTTP request sent to change core information ...
2023-02-06 17:37:26,992 | ERROR    | 0354 | syed.abbasi@talkiatry.com - error encountered changing user manager: can only concatenate str (not "NoneType") to str
2023-02-06 17:37:27,035 | INFO     | 0287 | brett.abernethy@talkiatry.com core information update successful!
2023-02-06 17:37:27,036 | INFO     | 0294 | brett.abernethy@talkiatry.com core information updated in Azure AD!
2023-02-06 17:37:27,821 | ERROR    | 0354 | zebib.abraham@talkiatry.com - error encountered changing user manager: can only concatenate str (not "NoneType") to str
2023-02-06 17:37:28,085 | INFO     | 0260 | zebib.abraham@talkiatry.com HTTP request sent to change core information ...
2023-02-06 17:37:28,364 | INFO     | 0287 | zebib.abraham@talkiatry.com core information update successful!
2023-02-06 17:37:28,365 | INFO     | 0294 | zebib.abraham@talkiatry.com core information updated in Azure AD!
2023-02-06 17:37:28,439 | INFO     | 0260 | vallene.abram@talkiatry.com HTTP request sent to change core information ...
2023-02-06 17:37:28,475 | ERROR    | 0354 | vallene.abram@talkiatry.com - error encountered changing user manager: can only concatenate str (not "NoneType") to str
2023-02-06 17:37:28,547 | INFO     | 0260 | tiffany.abtahi@talkiatry.com HTTP request sent to change core information ...
2023-02-06 17:37:28,625 | INFO     | 0287 | tiffany.abtahi@talkiatry.com core information update successful!
2023-02-06 17:37:28,626 | INFO     | 0294 | tiffany.abtahi@talkiatry.com core information updated in Azure AD!
2023-02-06 17:37:28,732 | INFO     | 0287 | vallene.abram@talkiatry.com core information update successful!
2023-02-06 17:37:28,732 | INFO     | 0294 | vallene.abram@talkiatry.com core information updated in Azure AD!
2023-02-06 17:37:29,040 | ERROR    | 0354 | tiffany.abtahi@talkiatry.com - error encountered changing user manager: can only concatenate str (not "NoneType") to str
2023-02-06 17:37:29,382 | ERROR    | 0354 | melissa.acevedo@talkiatry.com - error encountered changing user manager: can only concatenate str (not "NoneType") to str
2023-02-06 17:37:29,394 | INFO     | 0260 | melissa.acevedo@talkiatry.com HTTP request sent to change core information ...
2023-02-06 17:37:29,472 | INFO     | 0287 | melissa.acevedo@talkiatry.com core information update successful!
2023-02-06 17:37:29,472 | INFO     | 0294 | melissa.acevedo@talkiatry.com core information updated in Azure AD!
2023-02-06 17:37:30,172 | ERROR    | 0354 | jonathan.aciego@talkiatry.com - error encountered changing user manager: can only concatenate str (not "NoneType") to str
2023-02-06 17:37:30,224 | INFO     | 0260 | jonathan.aciego@talkiatry.com HTTP request sent to change core information ...
2023-02-06 17:37:30,485 | INFO     | 0287 | jonathan.aciego@talkiatry.com core information update successful!
2023-02-06 17:37:30,485 | INFO     | 0294 | jonathan.aciego@talkiatry.com core information updated in Azure AD!
2023-02-06 17:37:30,646 | ERROR    | 0354 | joseph.adams@talkiatry.com - error encountered changing user manager: can only concatenate str (not "NoneType") to str
2023-02-06 17:37:30,966 | INFO     | 0260 | joseph.adams@talkiatry.com HTTP request sent to change core information ...
2023-02-06 17:37:31,292 | INFO     | 0287 | joseph.adams@talkiatry.com core information update successful!
2023-02-06 17:37:31,293 | INFO     | 0294 | joseph.adams@talkiatry.com core information updated in Azure AD!
2023-02-06 17:37:31,316 | INFO     | 0248 | Running process group 1...
2023-02-06 17:37:31,318 | INFO     | 0250 | Running process <Process name='Process-1' pid=83368 parent=83347 stopped exitcode=0>..
2023-02-06 17:37:31,319 | INFO     | 0250 | Running process <Process name='Process-2' pid=83369 parent=83347 stopped exitcode=0>..
2023-02-06 17:37:31,319 | INFO     | 0250 | Running process <Process name='Process-3' pid=83370 parent=83347 stopped exitcode=0>..
2023-02-06 17:37:31,319 | INFO     | 0250 | Running process <Process name='Process-4' pid=83371 parent=83347 stopped exitcode=0>..
2023-02-06 17:37:31,319 | INFO     | 0250 | Running process <Process name='Process-5' pid=83374 parent=83347 stopped exitcode=0>..
2023-02-06 17:37:31,319 | INFO     | 0250 | Running process <Process name='Process-6' pid=83375 parent=83347 stopped exitcode=0>..
2023-02-06 17:37:31,319 | INFO     | 0250 | Running process <Process name='Process-7' pid=83376 parent=83347 stopped exitcode=0>..
2023-02-06 17:37:31,319 | INFO     | 0250 | Running process <Process name='Process-8' pid=83377 parent=83347 stopped exitcode=0>..
2023-02-06 17:37:31,320 | INFO     | 0250 | Running process <Process name='Process-9' pid=83379 parent=83347 stopped exitcode=0>..
2023-02-06 17:37:31,320 | INFO     | 0250 | Running process <Process name='Process-10' pid=83380 parent=83347 stopped exitcode=0>..
2023-02-06 17:37:31,320 | INFO     | 0250 | Running process <Process name='Process-11' pid=83382 parent=83347 stopped exitcode=0>..
2023-02-06 17:37:31,320 | INFO     | 0250 | Running process <Process name='Process-12' pid=83383 parent=83347 stopped exitcode=0>..
2023-02-06 17:37:31,320 | INFO     | 0250 | Running process <Process name='Process-13' pid=83384 parent=83347 stopped exitcode=0>..
2023-02-06 17:37:31,320 | INFO     | 0250 | Running process <Process name='Process-14' pid=83385 parent=83347 stopped exitcode=0>..
2023-02-06 17:37:31,320 | INFO     | 0250 | Running process <Process name='Process-15' pid=83388 parent=83347 stopped exitcode=0>..
2023-02-06 17:37:31,320 | INFO     | 0250 | Running process <Process name='Process-16' pid=83389 parent=83347 stopped exitcode=0>..
2023-02-06 17:37:31,320 | INFO     | 0250 | Running process <Process name='Process-17' pid=83390 parent=83347 started>..
2023-02-06 17:37:31,326 | ERROR    | 0354 | briana.adams@talkiatry.com - error encountered changing user manager: can only concatenate str (not "NoneType") to str
2023-02-06 17:37:31,333 | INFO     | 0260 | briana.adams@talkiatry.com HTTP request sent to change core information ...
2023-02-06 17:37:31,588 | INFO     | 0287 | briana.adams@talkiatry.com core information update successful!
2023-02-06 17:37:31,588 | INFO     | 0294 | briana.adams@talkiatry.com core information updated in Azure AD!
2023-02-06 17:37:31,596 | INFO     | 0250 | Running process <Process name='Process-18' pid=83391 parent=83347 stopped exitcode=0>..
2023-02-06 17:37:31,596 | INFO     | 0250 | Running process <Process name='Process-19' pid=83393 parent=83347 started>..
2023-02-06 17:37:31,644 | INFO     | 0260 | edward.adams@talkiatry.com HTTP request sent to change core information ...
2023-02-06 17:37:31,725 | INFO     | 0287 | edward.adams@talkiatry.com core information update successful!
2023-02-06 17:37:31,725 | INFO     | 0294 | edward.adams@talkiatry.com core information updated in Azure AD!
2023-02-06 17:37:31,732 | INFO     | 0250 | Running process <Process name='Process-20' pid=83394 parent=83347 started>..
2023-02-06 17:37:32,112 | ERROR    | 0354 | edward.adams@talkiatry.com - error encountered changing user manager: can only concatenate str (not "NoneType") to str
2023-02-06 17:37:32,968 | INFO     | 0260 | gaurav.agarwal@talkiatry.com HTTP request sent to change core information ...
2023-02-06 17:37:33,125 | ERROR    | 0354 | gaurav.agarwal@talkiatry.com - error encountered changing user manager: can only concatenate str (not "NoneType") to str
2023-02-06 17:37:33,145 | INFO     | 0260 | caitlin.aguiar@talkiatry.com HTTP request sent to change core information ...
2023-02-06 17:37:33,221 | INFO     | 0287 | gaurav.agarwal@talkiatry.com core information update successful!
2023-02-06 17:37:33,221 | INFO     | 0294 | gaurav.agarwal@talkiatry.com core information updated in Azure AD!
2023-02-06 17:37:33,222 | INFO     | 0287 | caitlin.aguiar@talkiatry.com core information update successful!
2023-02-06 17:37:33,222 | INFO     | 0294 | caitlin.aguiar@talkiatry.com core information updated in Azure AD!
2023-02-06 17:37:33,484 | INFO     | 0260 | jessenia.aguirre@talkiatry.com HTTP request sent to change core information ...
2023-02-06 17:37:33,495 | ERROR    | 0354 | caitlin.aguiar@talkiatry.com - error encountered changing user manager: can only concatenate str (not "NoneType") to str
2023-02-06 17:37:33,689 | INFO     | 0287 | jessenia.aguirre@talkiatry.com core information update successful!
2023-02-06 17:37:33,690 | INFO     | 0294 | jessenia.aguirre@talkiatry.com core information updated in Azure AD!
2023-02-06 17:37:34,160 | ERROR    | 0354 | jessenia.aguirre@talkiatry.com - error encountered changing user manager: can only concatenate str (not "NoneType") to str
2023-02-06 17:37:34,208 | INFO     | 0260 | ruby.ahn@talkiatry.com HTTP request sent to change core information ...
2023-02-06 17:37:34,414 | ERROR    | 0354 | ruby.ahn@talkiatry.com - error encountered changing user manager: can only concatenate str (not "NoneType") to str
2023-02-06 17:37:34,471 | INFO     | 0287 | ruby.ahn@talkiatry.com core information update successful!
2023-02-06 17:37:34,471 | INFO     | 0294 | ruby.ahn@talkiatry.com core information updated in Azure AD!
2023-02-06 17:37:34,559 | ERROR    | 0354 | oluwakemi.aje@talkiatry.com - error encountered changing user manager: can only concatenate str (not "NoneType") to str
2023-02-06 17:37:34,979 | INFO     | 0260 | oluwakemi.aje@talkiatry.com HTTP request sent to change core information ...
2023-02-06 17:37:35,056 | INFO     | 0287 | oluwakemi.aje@talkiatry.com core information update successful!
2023-02-06 17:37:35,056 | INFO     | 0294 | oluwakemi.aje@talkiatry.com core information updated in Azure AD!
2023-02-06 17:37:35,664 | ERROR    | 0354 | eliana.albornoz@talkiatry.com - error encountered changing user manager: can only concatenate str (not "NoneType") to str
2023-02-06 17:37:35,676 | INFO     | 0260 | eliana.albornoz@talkiatry.com HTTP request sent to change core information ...
2023-02-06 17:37:35,710 | INFO     | 0260 | ryan.albright@talkiatry.com HTTP request sent to change core information ...
2023-02-06 17:37:35,797 | INFO     | 0287 | ryan.albright@talkiatry.com core information update successful!
2023-02-06 17:37:35,797 | INFO     | 0294 | ryan.albright@talkiatry.com core information updated in Azure AD!
2023-02-06 17:37:35,955 | INFO     | 0287 | eliana.albornoz@talkiatry.com core information update successful!
2023-02-06 17:37:35,955 | INFO     | 0294 | eliana.albornoz@talkiatry.com core information updated in Azure AD!
2023-02-06 17:37:36,047 | ERROR    | 0354 | ryan.albright@talkiatry.com - error encountered changing user manager: can only concatenate str (not "NoneType") to str
2023-02-06 17:37:36,382 | INFO     | 0260 | jennifer.alcaraz@talkiatry.com HTTP request sent to change core information ...
2023-02-06 17:37:36,448 | INFO     | 0259 | Running process <Process name='Process-21' pid=83396 parent=83347 stopped exitcode=0>..
2023-02-06 17:37:36,449 | INFO     | 0259 | Running process <Process name='Process-22' pid=83397 parent=83347 stopped exitcode=0>..
2023-02-06 17:37:36,449 | INFO     | 0259 | Running process <Process name='Process-23' pid=83399 parent=83347 stopped exitcode=0>..
2023-02-06 17:37:36,449 | INFO     | 0259 | Running process <Process name='Process-24' pid=83400 parent=83347 stopped exitcode=0>..
2023-02-06 17:37:36,449 | INFO     | 0259 | Running process <Process name='Process-25' pid=83401 parent=83347 stopped exitcode=0>..
2023-02-06 17:37:36,449 | INFO     | 0259 | Running process <Process name='Process-26' pid=83402 parent=83347 stopped exitcode=0>..
2023-02-06 17:37:36,450 | INFO     | 0259 | Running process <Process name='Process-27' pid=83403 parent=83347 stopped exitcode=0>..
2023-02-06 17:37:36,450 | INFO     | 0259 | Running process <Process name='Process-28' pid=83404 parent=83347 stopped exitcode=0>..
2023-02-06 17:37:36,450 | INFO     | 0259 | Running process <Process name='Process-29' pid=83406 parent=83347 stopped exitcode=0>..
2023-02-06 17:37:36,450 | INFO     | 0259 | Running process <Process name='Process-30' pid=83407 parent=83347 stopped exitcode=0>..
2023-02-06 17:37:36,450 | INFO     | 0259 | Running process <Process name='Process-31' pid=83410 parent=83347 stopped exitcode=0>..
2023-02-06 17:37:36,450 | INFO     | 0259 | Running process <Process name='Process-32' pid=83411 parent=83347 stopped exitcode=0>..
2023-02-06 17:37:36,450 | INFO     | 0259 | Running process <Process name='Process-33' pid=83412 parent=83347 stopped exitcode=0>..
2023-02-06 17:37:36,450 | INFO     | 0259 | Running process <Process name='Process-34' pid=83413 parent=83347 stopped exitcode=0>..
2023-02-06 17:37:36,450 | INFO     | 0259 | Running process <Process name='Process-35' pid=83415 parent=83347 started>..
2023-02-06 17:37:36,739 | INFO     | 0287 | jennifer.alcaraz@talkiatry.com core information update successful!
2023-02-06 17:37:36,739 | INFO     | 0294 | jennifer.alcaraz@talkiatry.com core information updated in Azure AD!
2023-02-06 17:37:36,746 | INFO     | 0259 | Running process <Process name='Process-36' pid=83416 parent=83347 started>..
2023-02-06 17:37:36,757 | ERROR    | 0354 | jennifer.alcaraz@talkiatry.com - error encountered changing user manager: can only concatenate str (not "NoneType") to str
2023-02-06 17:37:36,765 | INFO     | 0259 | Running process <Process name='Process-37' pid=83417 parent=83347 started>..
2023-02-06 17:37:36,772 | INFO     | 0260 | gregory.alexander@talkiatry.com HTTP request sent to change core information ...
2023-02-06 17:37:36,795 | ERROR    | 0354 | gregory.alexander@talkiatry.com - error encountered changing user manager: can only concatenate str (not "NoneType") to str
2023-02-06 17:37:36,850 | INFO     | 0287 | gregory.alexander@talkiatry.com core information update successful!
2023-02-06 17:37:36,850 | INFO     | 0294 | gregory.alexander@talkiatry.com core information updated in Azure AD!
2023-02-06 17:37:36,857 | INFO     | 0259 | Running process <Process name='Process-38' pid=83418 parent=83347 stopped exitcode=0>..
2023-02-06 17:37:36,858 | INFO     | 0262 | Snowflake session closed.
2023-02-06 17:37:36,858 | INFO     | 0263 | ADP>AAD Sync Closed.
2023-02-06 17:37:36,858 | INFO     | 0088 | Execution time in seconds: 16.18564486503601
