2023-02-08 17:17:18,316 | INFO     | 0018 | Starting script timer.
2023-02-08 17:17:18,316 | INFO     | 0022 | ADP>AAD Sync process started!
2023-02-08 17:17:18,317 | INFO     | 0025 | Authenticating into MS Graph...
2023-02-08 17:17:18,861 | INFO     | 0106 | New access token acquired from Azure AD!
2023-02-08 17:17:19,191 | INFO     | 0141 | Paginating Microsoft Graph output...
2023-02-08 17:17:21,610 | INFO     | 0048 | Getting Snowflake JWT token... 
2023-02-08 17:17:21,920 | INFO     | 0052 | Token obtained!
2023-02-08 17:17:21,921 | INFO     | 0055 | Connecting to Snowflake... 
2023-02-08 17:17:23,366 | INFO     | 0070 | Snowflake cursor object created.
2023-02-08 17:17:26,069 | INFO     | 0233 | vallene.abram@talkiatry.com - ADP>AAD match! Not making any changes...
2023-02-08 17:17:27,434 | INFO     | 0233 | jonathan.aciego@talkiatry.com - ADP>AAD match! Not making any changes...
2023-02-08 17:17:29,419 | INFO     | 0249 | Running process group 1...
2023-02-08 17:17:29,420 | INFO     | 0251 | Running process <Process name='Process-1' pid=49237 parent=49219 stopped exitcode=1>..
2023-02-08 17:17:29,420 | INFO     | 0251 | Running process <Process name='Process-2' pid=49238 parent=49219 stopped exitcode=1>..
2023-02-08 17:17:29,420 | INFO     | 0251 | Running process <Process name='Process-3' pid=49239 parent=49219 stopped exitcode=1>..
2023-02-08 17:17:29,420 | INFO     | 0251 | Running process <Process name='Process-4' pid=49240 parent=49219 stopped exitcode=1>..
2023-02-08 17:17:29,420 | INFO     | 0251 | Running process <Process name='Process-5' pid=49243 parent=49219 stopped exitcode=1>..
2023-02-08 17:17:29,420 | INFO     | 0251 | Running process <Process name='Process-6' pid=49244 parent=49219 stopped exitcode=1>..
2023-02-08 17:17:29,420 | INFO     | 0251 | Running process <Process name='Process-7' pid=49255 parent=49219 stopped exitcode=1>..
2023-02-08 17:17:29,420 | INFO     | 0251 | Running process <Process name='Process-8' pid=49256 parent=49219 stopped exitcode=1>..
2023-02-08 17:17:29,420 | INFO     | 0251 | Running process <Process name='Process-9' pid=49257 parent=49219 stopped exitcode=1>..
2023-02-08 17:17:29,420 | INFO     | 0251 | Running process <Process name='Process-10' pid=49258 parent=49219 stopped exitcode=1>..
2023-02-08 17:17:29,420 | INFO     | 0251 | Running process <Process name='Process-11' pid=49276 parent=49219 started>..
2023-02-08 17:17:30,222 | INFO     | 0251 | Running process <Process name='Process-12' pid=49277 parent=49219 stopped exitcode=1>..
2023-02-08 17:17:30,223 | INFO     | 0251 | Running process <Process name='Process-13' pid=49278 parent=49219 started>..
2023-02-08 17:17:30,488 | INFO     | 0251 | Running process <Process name='Process-14' pid=49279 parent=49219 stopped exitcode=1>..
2023-02-08 17:17:30,489 | INFO     | 0251 | Running process <Process name='Process-15' pid=49280 parent=49219 started>..
2023-02-08 17:17:30,657 | INFO     | 0251 | Running process <Process name='Process-16' pid=49281 parent=49219 stopped exitcode=1>..
2023-02-08 17:17:30,657 | INFO     | 0251 | Running process <Process name='Process-17' pid=49289 parent=49219 started>..
2023-02-08 17:17:30,729 | INFO     | 0251 | Running process <Process name='Process-18' pid=49290 parent=49219 stopped exitcode=1>..
2023-02-08 17:17:30,729 | INFO     | 0251 | Running process <Process name='Process-19' pid=49292 parent=49219 started>..
2023-02-08 17:17:30,856 | INFO     | 0251 | Running process <Process name='Process-20' pid=49293 parent=49219 stopped exitcode=1>..
2023-02-08 17:17:31,471 | INFO     | 0233 | jessenia.aguirre@talkiatry.com - ADP>AAD match! Not making any changes...
2023-02-08 17:17:31,771 | INFO     | 0233 | ruby.ahn@talkiatry.com - ADP>AAD match! Not making any changes...
2023-02-08 17:17:32,971 | INFO     | 0233 | jennifer.alcaraz@talkiatry.com - ADP>AAD match! Not making any changes...
2023-02-08 17:17:33,388 | INFO     | 0233 | gregory.alexander@talkiatry.com - ADP>AAD match! Not making any changes...
2023-02-08 17:17:34,136 | INFO     | 0233 | jade.allen@talkiatry.com - ADP>AAD match! Not making any changes...
2023-02-08 17:17:34,341 | INFO     | 0233 | annette.allen@talkiatry.com - ADP>AAD match! Not making any changes...
2023-02-08 17:17:34,595 | INFO     | 0260 | Running process <Process name='Process-21' pid=49315 parent=49219 stopped exitcode=1>..
2023-02-08 17:17:34,595 | INFO     | 0260 | Running process <Process name='Process-22' pid=49316 parent=49219 stopped exitcode=1>..
2023-02-08 17:17:34,595 | INFO     | 0260 | Running process <Process name='Process-23' pid=49323 parent=49219 stopped exitcode=1>..
2023-02-08 17:17:34,595 | INFO     | 0260 | Running process <Process name='Process-24' pid=49324 parent=49219 stopped exitcode=1>..
2023-02-08 17:17:34,596 | INFO     | 0260 | Running process <Process name='Process-25' pid=49325 parent=49219 stopped exitcode=1>..
2023-02-08 17:17:34,596 | INFO     | 0260 | Running process <Process name='Process-26' pid=49326 parent=49219 stopped exitcode=1>..
2023-02-08 17:17:34,596 | INFO     | 0260 | Running process <Process name='Process-27' pid=49329 parent=49219 stopped exitcode=1>..
2023-02-08 17:17:34,596 | INFO     | 0260 | Running process <Process name='Process-28' pid=49330 parent=49219 stopped exitcode=1>..
2023-02-08 17:17:34,596 | INFO     | 0260 | Running process <Process name='Process-29' pid=49346 parent=49219 stopped exitcode=1>..
2023-02-08 17:17:34,596 | INFO     | 0260 | Running process <Process name='Process-30' pid=49347 parent=49219 started>..
2023-02-08 17:17:34,598 | INFO     | 0260 | Running process <Process name='Process-31' pid=49354 parent=49219 started>..
2023-02-08 17:17:34,601 | INFO     | 0260 | Running process <Process name='Process-32' pid=49355 parent=49219 stopped exitcode=-SIGINT>..
2023-02-08 17:17:34,601 | INFO     | 0263 | Snowflake session closed.
2023-02-08 17:17:34,601 | INFO     | 0264 | ADP>AAD Sync Closed.
